# JRE version: OpenJDK Runtime Environment Corretto-21.0.4.7.1 (21.0.4+7) (build 21.0.4+7-LTS)
# Java VM: OpenJDK 64-Bit Server VM Corretto-21.0.4.7.1 (21.0.4+7-LTS, mixed mode, sharing, tiered, compressed oops, compressed class ptrs, g1 gc, windows-amd64)
GC Precious Log:
 CardTable entry size: 512
 Card Set container configuration: InlinePtr #cards 5 size 8 Array Of Cards #cards 12 size 40 Howl #buckets 4 coarsen threshold 1843 Howl Bitmap #cards 512 size 80 coarsen threshold 460 Card regions per heap region 1 cards per card region 2048
 CPUs: 4 total, 4 available
 Memory: 3895M
 Large Page Support: Disabled
 NUMA Support: Disabled
 Compressed Oops: Enabled (32-bit)
 Heap Region Size: 1M
 Heap Min Capacity: 8M
 Heap Initial Capacity: 62M
 Heap Max Capacity: 974M
 Pre-touch: Disabled
 Parallel Workers: 4
 Concurrent Workers: 1
 Concurrent Refinement Workers: 4
 Periodic GC: Disabled
Heap:
 garbage-first heap   total 66560K, used 29159K [0x00000000c3200000, 0x0000000100000000)
  region size 1024K, 6 young (6144K), 1 survivors (1024K)
 Metaspace       used 36376K, committed 36864K, reserved 1114112K
  class space    used 4633K, committed 4864K, reserved 1048576K
GC Heap History (20 events):
Event: 0.816 GC heap before
{Heap before GC invocations=0 (full 0):
 garbage-first heap   total 63488K, used 13312K [0x00000000c3200000, 0x0000000100000000)
  region size 1024K, 13 young (13312K), 0 survivors (0K)
 Metaspace       used 2800K, committed 3072K, reserved 1114112K
  class space    used 257K, committed 384K, reserved 1048576K
}
Event: 0.822 GC heap after
{Heap after GC invocations=1 (full 0):
 garbage-first heap   total 63488K, used 7680K [0x00000000c3200000, 0x0000000100000000)
  region size 1024K, 2 young (2048K), 2 survivors (2048K)
 Metaspace       used 2800K, committed 3072K, reserved 1114112K
  class space    used 257K, committed 384K, reserved 1048576K
}
Event: 1.135 GC heap before
{Heap before GC invocations=1 (full 0):
 garbage-first heap   total 63488K, used 17920K [0x00000000c3200000, 0x0000000100000000)
  region size 1024K, 12 young (12288K), 2 survivors (2048K)
 Metaspace       used 6105K, committed 6272K, reserved 1114112K
  class space    used 675K, committed 768K, reserved 1048576K
}
Event: 1.139 GC heap after
{Heap after GC invocations=2 (full 0):
 garbage-first heap   total 63488K, used 8580K [0x00000000c3200000, 0x0000000100000000)
  region size 1024K, 1 young (1024K), 1 survivors (1024K)
 Metaspace       used 6105K, committed 6272K, reserved 1114112K
  class space    used 675K, committed 768K, reserved 1048576K
}
Event: 1.771 GC heap before
{Heap before GC invocations=2 (full 0):
 garbage-first heap   total 63488K, used 35204K [0x00000000c3200000, 0x0000000100000000)
  region size 1024K, 27 young (27648K), 1 survivors (1024K)
 Metaspace       used 12736K, committed 12928K, reserved 1114112K
  class space    used 1644K, committed 1728K, reserved 1048576K
}
Event: 1.775 GC heap after
{Heap after GC invocations=3 (full 0):
 garbage-first heap   total 63488K, used 11291K [0x00000000c3200000, 0x0000000100000000)
  region size 1024K, 4 young (4096K), 4 survivors (4096K)
 Metaspace       used 12736K, committed 12928K, reserved 1114112K
  class space    used 1644K, committed 1728K, reserved 1048576K
}
Event: 2.479 GC heap before
{Heap before GC invocations=3 (full 0):
 garbage-first heap   total 63488K, used 40987K [0x00000000c3200000, 0x0000000100000000)
  region size 1024K, 34 young (34816K), 4 survivors (4096K)
 Metaspace       used 19345K, committed 19648K, reserved 1114112K
  class space    used 2431K, committed 2560K, reserved 1048576K
}
Event: 2.485 GC heap after
{Heap after GC invocations=4 (full 0):
 garbage-first heap   total 63488K, used 13761K [0x00000000c3200000, 0x0000000100000000)
  region size 1024K, 5 young (5120K), 5 survivors (5120K)
 Metaspace       used 19345K, committed 19648K, reserved 1114112K
  class space    used 2431K, committed 2560K, reserved 1048576K
}
Event: 2.894 GC heap before
{Heap before GC invocations=4 (full 0):
 garbage-first heap   total 63488K, used 26049K [0x00000000c3200000, 0x0000000100000000)
  region size 1024K, 19 young (19456K), 5 survivors (5120K)
 Metaspace       used 21222K, committed 21504K, reserved 1114112K
  class space    used 2610K, committed 2752K, reserved 1048576K
}
Event: 2.899 GC heap after
{Heap after GC invocations=5 (full 0):
 garbage-first heap   total 63488K, used 15865K [0x00000000c3200000, 0x0000000100000000)
  region size 1024K, 5 young (5120K), 5 survivors (5120K)
 Metaspace       used 21222K, committed 21504K, reserved 1114112K
  class space    used 2610K, committed 2752K, reserved 1048576K
}
Event: 3.721 GC heap before
{Heap before GC invocations=6 (full 0):
 garbage-first heap   total 55296K, used 42489K [0x00000000c3200000, 0x0000000100000000)
  region size 1024K, 32 young (32768K), 5 survivors (5120K)
 Metaspace       used 23640K, committed 24064K, reserved 1114112K
  class space    used 2890K, committed 3072K, reserved 1048576K
}
Event: 3.729 GC heap after
{Heap after GC invocations=7 (full 0):
 garbage-first heap   total 55296K, used 18160K [0x00000000c3200000, 0x0000000100000000)
  region size 1024K, 4 young (4096K), 4 survivors (4096K)
 Metaspace       used 23640K, committed 24064K, reserved 1114112K
  class space    used 2890K, committed 3072K, reserved 1048576K
}
Event: 4.264 GC heap before
{Heap before GC invocations=7 (full 0):
 garbage-first heap   total 55296K, used 42736K [0x00000000c3200000, 0x0000000100000000)
  region size 1024K, 28 young (28672K), 4 survivors (4096K)
 Metaspace       used 26694K, committed 27072K, reserved 1114112K
  class space    used 3241K, committed 3392K, reserved 1048576K
}
Event: 4.272 GC heap after
{Heap after GC invocations=8 (full 0):
 garbage-first heap   total 55296K, used 20359K [0x00000000c3200000, 0x0000000100000000)
  region size 1024K, 2 young (2048K), 2 survivors (2048K)
 Metaspace       used 26694K, committed 27072K, reserved 1114112K
  class space    used 3241K, committed 3392K, reserved 1048576K
}
Event: 4.882 GC heap before
{Heap before GC invocations=8 (full 0):
 garbage-first heap   total 55296K, used 44935K [0x00000000c3200000, 0x0000000100000000)
  region size 1024K, 26 young (26624K), 2 survivors (2048K)
 Metaspace       used 30038K, committed 30400K, reserved 1114112K
  class space    used 3810K, committed 3968K, reserved 1048576K
}
Event: 4.888 GC heap after
{Heap after GC invocations=9 (full 0):
 garbage-first heap   total 55296K, used 22081K [0x00000000c3200000, 0x0000000100000000)
  region size 1024K, 4 young (4096K), 4 survivors (4096K)
 Metaspace       used 30038K, committed 30400K, reserved 1114112K
  class space    used 3810K, committed 3968K, reserved 1048576K
}
Event: 5.487 GC heap before
{Heap before GC invocations=9 (full 0):
 garbage-first heap   total 55296K, used 45633K [0x00000000c3200000, 0x0000000100000000)
  region size 1024K, 27 young (27648K), 4 survivors (4096K)
 Metaspace       used 33460K, committed 33856K, reserved 1114112K
  class space    used 4284K, committed 4480K, reserved 1048576K
}
Event: 5.495 GC heap after
{Heap after GC invocations=10 (full 0):
 garbage-first heap   total 55296K, used 24267K [0x00000000c3200000, 0x0000000100000000)
  region size 1024K, 4 young (4096K), 4 survivors (4096K)
 Metaspace       used 33460K, committed 33856K, reserved 1114112K
  class space    used 4284K, committed 4480K, reserved 1048576K
}
Event: 5.682 GC heap before
{Heap before GC invocations=10 (full 0):
 garbage-first heap   total 55296K, used 30411K [0x00000000c3200000, 0x0000000100000000)
  region size 1024K, 11 young (11264K), 4 survivors (4096K)
 Metaspace       used 35504K, committed 35968K, reserved 1114112K
  class space    used 4515K, committed 4736K, reserved 1048576K
}
Event: 5.686 GC heap after
{Heap after GC invocations=11 (full 0):
 garbage-first heap   total 66560K, used 25063K [0x00000000c3200000, 0x0000000100000000)
  region size 1024K, 1 young (1024K), 1 survivors (1024K)
 Metaspace       used 35504K, committed 35968K, reserved 1114112K
  class space    used 4515K, committed 4736K, reserved 1048576K
}

